Collecting requests>=2.20.1
  Using cached requests-2.26.0-py2.py3-none-any.whl (62 kB)
Collecting idna<4,>=2.5; python_version >= "3"
  Using cached idna-3.3-py3-none-any.whl (61 kB)
Collecting charset-normalizer~=2.0.0; python_version >= "3"
  Using cached charset_normalizer-2.0.9-py3-none-any.whl (39 kB)
Collecting urllib3<1.27,>=1.21.1
  Using cached urllib3-1.26.7-py2.py3-none-any.whl (138 kB)
Collecting certifi>=2017.4.17
  Using cached certifi-2021.10.8-py2.py3-none-any.whl (149 kB)
Installing collected packages: idna, charset-normalizer, urllib3, certifi, requests
  WARNING: The script normalizer.exe is installed in 'C:\Users\SEMAKA\AppData\Roaming\Python\Python38\Scripts' which is not on PATH.
  Consider adding this directory to PATH or, if you prefer to suppress this warning, use --no-warn-script-location.
Successfully installed certifi-2021.10.8 charset-normalizer-2.0.9 idna-3.3 requests-2.26.0 urllib3-1.26.7
WARNING: You are using pip version 20.1.1; however, version 21.3.1 is available.
You should consider upgrading via the 'C:\Users\SEMAKA\AppData\Local\Programs\Python\Python38\python.exe -m pip install --upgrade pip' command.
Collecting discord.py[voice]>=1.2.2
  Using cached discord.py-1.7.3-py3-none-any.whl (786 kB)
Collecting aiohttp<3.8.0,>=3.6.0
  Downloading aiohttp-3.7.4.post0-cp38-cp38-win_amd64.whl (635 kB)
Collecting PyNaCl<1.5,>=1.3.0; extra == "voice"
  Downloading PyNaCl-1.4.0-cp38-cp38-win_amd64.whl (206 kB)
Collecting attrs>=17.3.0
  Using cached attrs-21.2.0-py2.py3-none-any.whl (53 kB)
Collecting chardet<5.0,>=2.0
  Using cached chardet-4.0.0-py2.py3-none-any.whl (178 kB)
Collecting async-timeout<4.0,>=3.0
  Using cached async_timeout-3.0.1-py3-none-any.whl (8.2 kB)
Collecting typing-extensions>=3.6.5
  Using cached typing_extensions-4.0.1-py3-none-any.whl (22 kB)
Collecting yarl<2.0,>=1.0
  Downloading yarl-1.7.2-cp38-cp38-win_amd64.whl (122 kB)
Collecting multidict<7.0,>=4.5
  Downloading multidict-5.2.0-cp38-cp38-win_amd64.whl (45 kB)
Collecting six
  Using cached six-1.16.0-py2.py3-none-any.whl (11 kB)
Collecting cffi>=1.4.1
  Downloading cffi-1.15.0-cp38-cp38-win_amd64.whl (179 kB)
Requirement already satisfied, skipping upgrade: idna>=2.0 in c:\users\semaka\appdata\roaming\python\python38\site-packages (from yarl<2.0,>=1.0->aiohttp<3.8.0,>=3.6.0->discord.py[voice]>=1.2.2) (3.3)
Collecting pycparser
  Using cached pycparser-2.21-py2.py3-none-any.whl (118 kB)
Installing collected packages: attrs, chardet, async-timeout, typing-extensions, multidict, yarl, aiohttp, six, pycparser, cffi, PyNaCl, discord.py
  WARNING: The script chardetect.exe is installed in 'C:\Users\SEMAKA\AppData\Roaming\Python\Python38\Scripts' which is not on PATH.
  Consider adding this directory to PATH or, if you prefer to suppress this warning, use --no-warn-script-location.
Successfully installed PyNaCl-1.4.0 aiohttp-3.7.4.post0 async-timeout-3.0.1 attrs-21.2.0 cffi-1.15.0 chardet-4.0.0 discord.py-1.7.3 multidict-5.2.0 pycparser-2.21 six-1.16.0 typing-extensions-4.0.1 yarl-1.7.2
WARNING: You are using pip version 20.1.1; however, version 21.3.1 is available.
You should consider upgrading via the 'C:\Users\SEMAKA\AppData\Local\Programs\Python\Python38\python.exe -m pip install --upgrade pip' command.
Collecting termcolor>=1.1.0
  Using cached termcolor-1.1.0.tar.gz (3.9 kB)
Using legacy setup.py install for termcolor, since package 'wheel' is not installed.
Installing collected packages: termcolor
    Running setup.py install for termcolor: started
    Running setup.py install for termcolor: finished with status 'done'
Successfully installed termcolor-1.1.0
WARNING: You are using pip version 20.1.1; however, version 21.3.1 is available.
You should consider upgrading via the 'C:\Users\SEMAKA\AppData\Local\Programs\Python\Python38\python.exe -m pip install --upgrade pip' command.
Collecting colorama>=0.4.1
  Using cached colorama-0.4.4-py2.py3-none-any.whl (16 kB)
Installing collected packages: colorama
Successfully installed colorama-0.4.4
WARNING: You are using pip version 20.1.1; however, version 21.3.1 is available.
You should consider upgrading via the 'C:\Users\SEMAKA\AppData\Local\Programs\Python\Python38\python.exe -m pip install --upgrade pip' command.
Collecting youtube_dl>=2019.8.2
  Using cached youtube_dl-2021.6.6-py2.py3-none-any.whl (1.9 MB)
Installing collected packages: youtube-dl
  WARNING: The script youtube-dl.exe is installed in 'C:\Users\SEMAKA\AppData\Roaming\Python\Python38\Scripts' which is not on PATH.
  Consider adding this directory to PATH or, if you prefer to suppress this warning, use --no-warn-script-location.
Successfully installed youtube-dl-2021.6.6
WARNING: You are using pip version 20.1.1; however, version 21.3.1 is available.
You should consider upgrading via the 'C:\Users\SEMAKA\AppData\Local\Programs\Python\Python38\python.exe -m pip install --upgrade pip' command.
Collecting pyperclip>=1.7.0
  Using cached pyperclip-1.8.2.tar.gz (20 kB)
Using legacy setup.py install for pyperclip, since package 'wheel' is not installed.
Installing collected packages: pyperclip
    Running setup.py install for pyperclip: started
    Running setup.py install for pyperclip: finished with status 'done'
Successfully installed pyperclip-1.8.2
WARNING: You are using pip version 20.1.1; however, version 21.3.1 is available.
You should consider upgrading via the 'C:\Users\SEMAKA\AppData\Local\Programs\Python\Python38\python.exe -m pip install --upgrade pip' command.
Collecting animation>=0.0.6
  Using cached animation-0.0.7-py2.py3-none-any.whl (5.3 kB)
Collecting pychalk
  Using cached pychalk-2.0.1.tar.gz (17 kB)
Requirement already satisfied, skipping upgrade: six>=1.11.0 in c:\users\semaka\appdata\roaming\python\python38\site-packages (from pychalk->animation>=0.0.6) (1.16.0)
Using legacy setup.py install for pychalk, since package 'wheel' is not installed.
Installing collected packages: pychalk, animation
    Running setup.py install for pychalk: started
    Running setup.py install for pychalk: finished with status 'done'
Successfully installed animation-0.0.7 pychalk-2.0.1
WARNING: You are using pip version 20.1.1; however, version 21.3.1 is available.
You should consider upgrading via the 'C:\Users\SEMAKA\AppData\Local\Programs\Python\Python38\python.exe -m pip install --upgrade pip' command.
Collecting py-cpuinfo>=5.0.0
  Using cached py-cpuinfo-8.0.0.tar.gz (99 kB)
Using legacy setup.py install for py-cpuinfo, since package 'wheel' is not installed.
Installing collected packages: py-cpuinfo
    Running setup.py install for py-cpuinfo: started
    Running setup.py install for py-cpuinfo: finished with status 'done'
Successfully installed py-cpuinfo-8.0.0
WARNING: You are using pip version 20.1.1; however, version 21.3.1 is available.
You should consider upgrading via the 'C:\Users\SEMAKA\AppData\Local\Programs\Python\Python38\python.exe -m pip install --upgrade pip' command.
Collecting dhooks>=1.1.0
  Using cached dhooks-1.1.4.tar.gz (11 kB)
Requirement already satisfied, skipping upgrade: aiohttp in c:\users\semaka\appdata\roaming\python\python38\site-packages (from dhooks>=1.1.0) (3.7.4.post0)
Requirement already satisfied, skipping upgrade: requests in c:\users\semaka\appdata\roaming\python\python38\site-packages (from dhooks>=1.1.0) (2.26.0)
Requirement already satisfied, skipping upgrade: async-timeout<4.0,>=3.0 in c:\users\semaka\appdata\roaming\python\python38\site-packages (from aiohttp->dhooks>=1.1.0) (3.0.1)
Requirement already satisfied, skipping upgrade: multidict<7.0,>=4.5 in c:\users\semaka\appdata\roaming\python\python38\site-packages (from aiohttp->dhooks>=1.1.0) (5.2.0)
Requirement already satisfied, skipping upgrade: yarl<2.0,>=1.0 in c:\users\semaka\appdata\roaming\python\python38\site-packages (from aiohttp->dhooks>=1.1.0) (1.7.2)
Requirement already satisfied, skipping upgrade: chardet<5.0,>=2.0 in c:\users\semaka\appdata\roaming\python\python38\site-packages (from aiohttp->dhooks>=1.1.0) (4.0.0)
Requirement already satisfied, skipping upgrade: typing-extensions>=3.6.5 in c:\users\semaka\appdata\roaming\python\python38\site-packages (from aiohttp->dhooks>=1.1.0) (4.0.1)
Requirement already satisfied, skipping upgrade: attrs>=17.3.0 in c:\users\semaka\appdata\roaming\python\python38\site-packages (from aiohttp->dhooks>=1.1.0) (21.2.0)
Requirement already satisfied, skipping upgrade: urllib3<1.27,>=1.21.1 in c:\users\semaka\appdata\roaming\python\python38\site-packages (from requests->dhooks>=1.1.0) (1.26.7)
Requirement already satisfied, skipping upgrade: idna<4,>=2.5; python_version >= "3" in c:\users\semaka\appdata\roaming\python\python38\site-packages (from requests->dhooks>=1.1.0) (3.3)
Requirement already satisfied, skipping upgrade: charset-normalizer~=2.0.0; python_version >= "3" in c:\users\semaka\appdata\roaming\python\python38\site-packages (from requests->dhooks>=1.1.0) (2.0.9)
Requirement already satisfied, skipping upgrade: certifi>=2017.4.17 in c:\users\semaka\appdata\roaming\python\python38\site-packages (from requests->dhooks>=1.1.0) (2021.10.8)
Using legacy setup.py install for dhooks, since package 'wheel' is not installed.
Installing collected packages: dhooks
    Running setup.py install for dhooks: started
    Running setup.py install for dhooks: finished with status 'done'
Successfully installed dhooks-1.1.4
WARNING: You are using pip version 20.1.1; however, version 21.3.1 is available.
You should consider upgrading via the 'C:\Users\SEMAKA\AppData\Local\Programs\Python\Python38\python.exe -m pip install --upgrade pip' command.
Collecting PySimpleGUI==4.11.0
  Using cached PySimpleGUI-4.11.0-py3-none-any.whl (285 kB)
Installing collected packages: PySimpleGUI
  Attempting uninstall: PySimpleGUI
    Found existing installation: PySimpleGUI 4.55.1
    Uninstalling PySimpleGUI-4.55.1:
      Successfully uninstalled PySimpleGUI-4.55.1
Successfully installed PySimpleGUI-4.11.0
WARNING: You are using pip version 20.1.1; however, version 21.3.1 is available.
You should consider upgrading via the 'C:\Users\SEMAKA\AppData\Local\Programs\Python\Python38\python.exe -m pip install --upgrade pip' command.
Collecting PySimpleGUIQt>=0.26.0
  Using cached PySimpleGUIQt-0.35.0-py3-none-any.whl (82 kB)
Collecting pyside2
  Using cached PySide2-5.15.2-5.15.2-cp35.cp36.cp37.cp38.cp39-none-win_amd64.whl (136.3 MB)
Collecting shiboken2==5.15.2
  Using cached shiboken2-5.15.2-5.15.2-cp35.cp36.cp37.cp38.cp39-none-win_amd64.whl (2.3 MB)
Installing collected packages: shiboken2, pyside2, PySimpleGUIQt
  WARNING: The scripts pyside2-designer.exe, pyside2-lupdate.exe, pyside2-rcc.exe and pyside2-uic.exe are installed in 'C:\Users\SEMAKA\AppData\Roaming\Python\Python38\Scripts' which is not on PATH.
  Consider adding this directory to PATH or, if you prefer to suppress this warning, use --no-warn-script-location.
Successfully installed PySimpleGUIQt-0.35.0 pyside2-5.15.2 shiboken2-5.15.2
WARNING: You are using pip version 20.1.1; however, version 21.3.1 is available.
You should consider upgrading via the 'C:\Users\SEMAKA\AppData\Local\Programs\Python\Python38\python.exe -m pip install --upgrade pip' command.
Requirement already up-to-date: PySide2>=5.13.0 in c:\users\semaka\appdata\roaming\python\python38\site-packages (5.15.2)
Requirement already satisfied, skipping upgrade: shiboken2==5.15.2 in c:\users\semaka\appdata\roaming\python\python38\site-packages (from PySide2>=5.13.0) (5.15.2)
WARNING: You are using pip version 20.1.1; however, version 21.3.1 is available.
You should consider upgrading via the 'C:\Users\SEMAKA\AppData\Local\Programs\Python\Python38\python.exe -m pip install --upgrade pip' command.
Collecting psutil>=5.6.3
  Downloading psutil-5.8.0-cp38-cp38-win_amd64.whl (245 kB)
Installing collected packages: psutil
Successfully installed psutil-5.8.0
WARNING: You are using pip version 20.1.1; however, version 21.3.1 is available.
You should consider upgrading via the 'C:\Users\SEMAKA\AppData\Local\Programs\Python\Python38\python.exe -m pip install --upgrade pip' command.
Collecting websocket_client>=0.56.0
  Using cached websocket_client-1.2.3-py3-none-any.whl (53 kB)
Installing collected packages: websocket-client
  WARNING: The script wsdump.exe is installed in 'C:\Users\SEMAKA\AppData\Roaming\Python\Python38\Scripts' which is not on PATH.
  Consider adding this directory to PATH or, if you prefer to suppress this warning, use --no-warn-script-location.
Successfully installed websocket-client-1.2.3
WARNING: You are using pip version 20.1.1; however, version 21.3.1 is available.
You should consider upgrading via the 'C:\Users\SEMAKA\AppData\Local\Programs\Python\Python38\python.exe -m pip install --upgrade pip' command.
Collecting emoji>=0.5.2
  Using cached emoji-1.6.1.tar.gz (170 kB)
Using legacy setup.py install for emoji, since package 'wheel' is not installed.
Installing collected packages: emoji
    Running setup.py install for emoji: started
    Running setup.py install for emoji: finished with status 'done'
Successfully installed emoji-1.6.1
WARNING: You are using pip version 20.1.1; however, version 21.3.1 is available.
You should consider upgrading via the 'C:\Users\SEMAKA\AppData\Local\Programs\Python\Python38\python.exe -m pip install --upgrade pip' command.
Collecting playsound>=1.2.2
  Using cached playsound-1.3.0.tar.gz (7.7 kB)
Using legacy setup.py install for playsound, since package 'wheel' is not installed.
Installing collected packages: playsound
    Running setup.py install for playsound: started
    Running setup.py install for playsound: finished with status 'done'
Successfully installed playsound-1.3.0
WARNING: You are using pip version 20.1.1; however, version 21.3.1 is available.
You should consider upgrading via the 'C:\Users\SEMAKA\AppData\Local\Programs\Python\Python38\python.exe -m pip install --upgrade pip' command.
Collecting selenium>=3.141.0
  Using cached selenium-4.1.0-py3-none-any.whl (958 kB)
Collecting trio~=0.17
  Using cached trio-0.19.0-py3-none-any.whl (356 kB)
Collecting trio-websocket~=0.9
  Using cached trio_websocket-0.9.2-py3-none-any.whl (16 kB)
Requirement already satisfied, skipping upgrade: urllib3[secure]~=1.26 in c:\users\semaka\appdata\roaming\python\python38\site-packages (from selenium>=3.141.0) (1.26.7)
Requirement already satisfied, skipping upgrade: cffi>=1.14; os_name == "nt" and implementation_name != "pypy" in c:\users\semaka\appdata\roaming\python\python38\site-packages (from trio~=0.17->selenium>=3.141.0) (1.15.0)
Collecting sortedcontainers
  Using cached sortedcontainers-2.4.0-py2.py3-none-any.whl (29 kB)
Requirement already satisfied, skipping upgrade: attrs>=19.2.0 in c:\users\semaka\appdata\roaming\python\python38\site-packages (from trio~=0.17->selenium>=3.141.0) (21.2.0)
Collecting outcome
  Using cached outcome-1.1.0-py2.py3-none-any.whl (9.7 kB)
Requirement already satisfied, skipping upgrade: idna in c:\users\semaka\appdata\roaming\python\python38\site-packages (from trio~=0.17->selenium>=3.141.0) (3.3)
Collecting async-generator>=1.9
  Using cached async_generator-1.10-py3-none-any.whl (18 kB)
Collecting sniffio
  Using cached sniffio-1.2.0-py3-none-any.whl (10 kB)
Collecting wsproto>=0.14
  Using cached wsproto-1.0.0-py3-none-any.whl (24 kB)
Collecting cryptography>=1.3.4; extra == "secure"
  Downloading cryptography-36.0.0-cp36-abi3-win_amd64.whl (2.2 MB)
Collecting pyOpenSSL>=0.14; extra == "secure"
  Using cached pyOpenSSL-21.0.0-py2.py3-none-any.whl (55 kB)
Requirement already satisfied, skipping upgrade: certifi; extra == "secure" in c:\users\semaka\appdata\roaming\python\python38\site-packages (from urllib3[secure]~=1.26->selenium>=3.141.0) (2021.10.8)
Requirement already satisfied, skipping upgrade: pycparser in c:\users\semaka\appdata\roaming\python\python38\site-packages (from cffi>=1.14; os_name == "nt" and implementation_name != "pypy"->trio~=0.17->selenium>=3.141.0) (2.21)
Collecting h11<1,>=0.9.0
  Using cached h11-0.12.0-py3-none-any.whl (54 kB)
Requirement already satisfied, skipping upgrade: six>=1.5.2 in c:\users\semaka\appdata\roaming\python\python38\site-packages (from pyOpenSSL>=0.14; extra == "secure"->urllib3[secure]~=1.26->selenium>=3.141.0) (1.16.0)
Installing collected packages: sortedcontainers, outcome, async-generator, sniffio, trio, h11, wsproto, trio-websocket, selenium, cryptography, pyOpenSSL
Successfully installed async-generator-1.10 cryptography-36.0.0 h11-0.12.0 outcome-1.1.0 pyOpenSSL-21.0.0 selenium-4.1.0 sniffio-1.2.0 sortedcontainers-2.4.0 trio-0.19.0 trio-websocket-0.9.2 wsproto-1.0.0
WARNING: You are using pip version 20.1.1; however, version 21.3.1 is available.
You should consider upgrading via the 'C:\Users\SEMAKA\AppData\Local\Programs\Python\Python38\python.exe -m pip install --upgrade pip' command.
Collecting pyinstaller>=3.5
  Using cached pyinstaller-4.7-py3-none-win_amd64.whl (2.0 MB)
Collecting pywin32-ctypes>=0.2.0; sys_platform == "win32"
  Using cached pywin32_ctypes-0.2.0-py2.py3-none-any.whl (28 kB)
Requirement already satisfied, skipping upgrade: setuptools in c:\users\semaka\appdata\local\programs\python\python38\lib\site-packages (from pyinstaller>=3.5) (47.1.0)
Collecting altgraph
  Using cached altgraph-0.17.2-py2.py3-none-any.whl (21 kB)
Collecting pefile>=2017.8.1; sys_platform == "win32"
  Using cached pefile-2021.9.3.tar.gz (72 kB)
Collecting pyinstaller-hooks-contrib>=2020.6
  Using cached pyinstaller_hooks_contrib-2021.4-py2.py3-none-any.whl (215 kB)
Collecting future
  Using cached future-0.18.2.tar.gz (829 kB)
Using legacy setup.py install for pefile, since package 'wheel' is not installed.
Using legacy setup.py install for future, since package 'wheel' is not installed.
Installing collected packages: pywin32-ctypes, altgraph, future, pefile, pyinstaller-hooks-contrib, pyinstaller
    Running setup.py install for future: started
    Running setup.py install for future: finished with status 'done'
    Running setup.py install for pefile: started
    Running setup.py install for pefile: finished with status 'done'
  WARNING: The scripts pyi-archive_viewer.exe, pyi-bindepend.exe, pyi-grab_version.exe, pyi-makespec.exe, pyi-set_version.exe and pyinstaller.exe are installed in 'C:\Users\SEMAKA\AppData\Roaming\Python\Python38\Scripts' which is not on PATH.
  Consider adding this directory to PATH or, if you prefer to suppress this warning, use --no-warn-script-location.
Successfully installed altgraph-0.17.2 future-0.18.2 pefile-2021.9.3 pyinstaller-4.7 pyinstaller-hooks-contrib-2021.4 pywin32-ctypes-0.2.0
WARNING: You are using pip version 20.1.1; however, version 21.3.1 is available.
You should consider upgrading via the 'C:\Users\SEMAKA\AppData\Local\Programs\Python\Python38\python.exe -m pip install --upgrade pip' command.
Requirement already up-to-date: pluginbase>=1.0.0 in c:\users\semaka\appdata\roaming\python\python38\site-packages (1.0.1)
WARNING: You are using pip version 20.1.1; however, version 21.3.1 is available.
You should consider upgrading via the 'C:\Users\SEMAKA\AppData\Local\Programs\Python\Python38\python.exe -m pip install --upgrade pip' command.
Collecting Pillow>=6.1.0
  Downloading Pillow-8.4.0-cp38-cp38-win_amd64.whl (3.2 MB)
Installing collected packages: Pillow
Successfully installed Pillow-8.4.0
WARNING: You are using pip version 20.1.1; however, version 21.3.1 is available.
You should consider upgrading via the 'C:\Users\SEMAKA\AppData\Local\Programs\Python\Python38\python.exe -m pip install --upgrade pip' command.
Collecting pysocks>=1.7.0
  Using cached PySocks-1.7.1-py3-none-any.whl (16 kB)
Installing collected packages: pysocks
Successfully installed pysocks-1.7.1
WARNING: You are using pip version 20.1.1; however, version 21.3.1 is available.
You should consider upgrading via the 'C:\Users\SEMAKA\AppData\Local\Programs\Python\Python38\python.exe -m pip install --upgrade pip' command.
